<?xml version="1.0" encoding="UTF-8"?>
<!-- Generated by org.testng.reporters.JUnitXMLReporter -->
<testsuite hostname="LAPTOP-JF65BFTU" name="Default test" tests="4" failures="0" timestamp="26 Nov 2021 13:36:42 GMT" time="9.194" errors="0">
  <testcase name="POSTRequestTest" time="2.996" classname="TestSuitePackage.TestSuiteREST"/>
  <testcase name="PUTRequestTest" time="1.727" classname="TestSuitePackage.TestSuiteREST"/>
  <testcase name="GETRequestTest" time="1.824" classname="TestSuitePackage.TestSuiteREST"/>
  <testcase name="DELETERequestTest" time="1.742" classname="TestSuitePackage.TestSuiteREST"/>
</testsuite> <!-- Default test -->
