<?xml version="1.0" encoding="UTF-8"?>
<!-- Generated by org.testng.reporters.JUnitXMLReporter -->
<testsuite hostname="LAPTOP-JF65BFTU" name="Default test" tests="4" failures="0" timestamp="19 Nov 2021 12:39:20 GMT" time="9.224" errors="0">
  <testcase name="POSTRequestTest" time="2.999" classname="TestSuitePackage.TestSuiteREST"/>
  <testcase name="PUTRequestTest" time="1.834" classname="TestSuitePackage.TestSuiteREST"/>
  <testcase name="GETRequestTest" time="1.637" classname="TestSuitePackage.TestSuiteREST"/>
  <testcase name="DELETERequestTest" time="1.834" classname="TestSuitePackage.TestSuiteREST"/>
</testsuite> <!-- Default test -->
