<?xml version="1.0" encoding="UTF-8"?>
<testng-results skipped="0" failed="0" total="1" passed="1">
  <reporter-output>
  </reporter-output>
  <suite name="Default suite" duration-ms="3632" started-at="2021-10-06T06:56:37Z" finished-at="2021-10-06T06:56:41Z">
    <groups>
    </groups>
    <test name="Default test" duration-ms="3632" started-at="2021-10-06T06:56:37Z" finished-at="2021-10-06T06:56:41Z">
      <class name="APIRESTPackage.POSTRequest">
        <test-method status="PASS" signature="PostRequest()[pri:0, instance:APIRESTPackage.POSTRequest@ae45eb6]" name="PostRequest" duration-ms="3601" started-at="2021-10-06T12:26:37Z" finished-at="2021-10-06T12:26:41Z">
          <reporter-output>
          </reporter-output>
        </test-method> <!-- PostRequest -->
      </class> <!-- APIRESTPackage.POSTRequest -->
    </test> <!-- Default test -->
  </suite> <!-- Default suite -->
</testng-results>
