<?xml version="1.0" encoding="UTF-8"?>
<testng-results skipped="0" failed="0" total="2" passed="2">
  <reporter-output>
  </reporter-output>
  <suite name="Default suite" duration-ms="12387" started-at="2021-10-07T09:16:37Z" finished-at="2021-10-07T09:16:49Z">
    <groups>
    </groups>
    <test name="Default test" duration-ms="12387" started-at="2021-10-07T09:16:37Z" finished-at="2021-10-07T09:16:49Z">
      <class name="TestSuitePackage.TestSuite">
        <test-method status="PASS" signature="RESTServices()[pri:0, instance:TestSuitePackage.TestSuite@5ad851c9]" name="RESTServices" duration-ms="10310" started-at="2021-10-07T14:46:37Z" finished-at="2021-10-07T14:46:47Z">
          <reporter-output>
          </reporter-output>
        </test-method> <!-- RESTServices -->
        <test-method status="PASS" signature="SOAPServices()[pri:1, instance:TestSuitePackage.TestSuite@5ad851c9]" name="SOAPServices" duration-ms="2021" started-at="2021-10-07T14:46:47Z" finished-at="2021-10-07T14:46:49Z">
          <reporter-output>
          </reporter-output>
        </test-method> <!-- SOAPServices -->
      </class> <!-- TestSuitePackage.TestSuite -->
    </test> <!-- Default test -->
  </suite> <!-- Default suite -->
</testng-results>
